2025-04-04 10:57:51.336868 - Received CBT.V508.FILE512.PDS from FILE512.XMI 
2025-04-04 10:57:51.339221 - Found $$$#DATE.txt (text/plain) in CBT.V508.FILE512.PDS, moved to PDS/$$$#DATE
2025-04-04 10:57:51.339616 - Found $$NOTE.txt (text/plain) in CBT.V508.FILE512.PDS, moved to PDS/$$NOTE
2025-04-04 10:57:51.339776 - Found #README#.txt (text/plain) in CBT.V508.FILE512.PDS, moved to PDS/#README#
2025-04-04 10:57:51.339913 - Found @FILE512.txt (text/plain) in CBT.V508.FILE512.PDS, moved to PDS/@FILE512
2025-04-04 10:57:51.340045 - Found CUT.rexx (text/plain) in CBT.V508.FILE512.PDS, moved to PDS/CUT
2025-04-04 10:57:51.340172 - Found CUTDFNEW.txt (text/plain) in CBT.V508.FILE512.PDS, moved to PDS/CUTDFNEW
2025-04-04 10:57:51.340302 - Found CUTDFPRM.txt (text/plain) in CBT.V508.FILE512.PDS, moved to PDS/CUTDFPRM
2025-04-04 10:57:51.340424 - Found CUTHELP.txt (text/plain) in CBT.V508.FILE512.PDS, moved to PDS/CUTHELP
2025-04-04 10:57:51.340549 - Found CUTHELP0.txt (text/plain) in CBT.V508.FILE512.PDS, moved to PDS/CUTHELP0
2025-04-04 10:57:51.340671 - Found CUTHLPC.txt (text/plain) in CBT.V508.FILE512.PDS, moved to PDS/CUTHLPC
2025-04-04 10:57:51.340806 - Found CUTHLPCD.txt (text/plain) in CBT.V508.FILE512.PDS, moved to PDS/CUTHLPCD
2025-04-04 10:57:51.340923 - Found CUTHLPCH.txt (text/plain) in CBT.V508.FILE512.PDS, moved to PDS/CUTHLPCH
2025-04-04 10:57:51.341045 - Found CUTHLPC0.txt (text/plain) in CBT.V508.FILE512.PDS, moved to PDS/CUTHLPC0
2025-04-04 10:57:51.341167 - Found CUTHLPC1.txt (text/plain) in CBT.V508.FILE512.PDS, moved to PDS/CUTHLPC1
2025-04-04 10:57:51.341306 - Found CUTHLPC2.txt (text/plain) in CBT.V508.FILE512.PDS, moved to PDS/CUTHLPC2
2025-04-04 10:57:51.341449 - Found CUTHLPC3.txt (text/plain) in CBT.V508.FILE512.PDS, moved to PDS/CUTHLPC3
2025-04-04 10:57:51.341581 - Found CUTHLPC4.txt (text/plain) in CBT.V508.FILE512.PDS, moved to PDS/CUTHLPC4
2025-04-04 10:57:51.341705 - Found CUTHLPC5.txt (text/plain) in CBT.V508.FILE512.PDS, moved to PDS/CUTHLPC5
2025-04-04 10:57:51.341834 - Found CUTHLPD.txt (text/plain) in CBT.V508.FILE512.PDS, moved to PDS/CUTHLPD
2025-04-04 10:57:51.341959 - Found CUTHLPD0.txt (text/plain) in CBT.V508.FILE512.PDS, moved to PDS/CUTHLPD0
2025-04-04 10:57:51.342081 - Found CUTHLPD1.txt (text/plain) in CBT.V508.FILE512.PDS, moved to PDS/CUTHLPD1
2025-04-04 10:57:51.342207 - Found CUTHLPD2.txt (text/plain) in CBT.V508.FILE512.PDS, moved to PDS/CUTHLPD2
2025-04-04 10:57:51.342342 - Found CUTHLPD3.txt (text/plain) in CBT.V508.FILE512.PDS, moved to PDS/CUTHLPD3
2025-04-04 10:57:51.342486 - Found CUTHLPD4.txt (text/plain) in CBT.V508.FILE512.PDS, moved to PDS/CUTHLPD4
2025-04-04 10:57:51.342681 - Found CUTHLPP.txt (text/plain) in CBT.V508.FILE512.PDS, moved to PDS/CUTHLPP
2025-04-04 10:57:51.342825 - Found CUTHLPPD.txt (text/plain) in CBT.V508.FILE512.PDS, moved to PDS/CUTHLPPD
2025-04-04 10:57:51.342952 - Found CUTHLPPH.txt (text/plain) in CBT.V508.FILE512.PDS, moved to PDS/CUTHLPPH
2025-04-04 10:57:51.343074 - Found CUTHLPP0.txt (text/plain) in CBT.V508.FILE512.PDS, moved to PDS/CUTHLPP0
2025-04-04 10:57:51.343199 - Found CUTHLPP1.txt (text/plain) in CBT.V508.FILE512.PDS, moved to PDS/CUTHLPP1
2025-04-04 10:57:51.343319 - Found CUTHLPP2.txt (text/plain) in CBT.V508.FILE512.PDS, moved to PDS/CUTHLPP2
2025-04-04 10:57:51.343442 - Found CUTHLPP3.txt (text/plain) in CBT.V508.FILE512.PDS, moved to PDS/CUTHLPP3
2025-04-04 10:57:51.343722 - Found CUTHLPP4.txt (text/plain) in CBT.V508.FILE512.PDS, moved to PDS/CUTHLPP4
2025-04-04 10:57:51.343853 - Found CUTPRMPT.txt (text/plain) in CBT.V508.FILE512.PDS, moved to PDS/CUTPRMPT
2025-04-04 10:57:51.343976 - Found CUTPRPST.txt (text/plain) in CBT.V508.FILE512.PDS, moved to PDS/CUTPRPST
2025-04-04 10:57:51.344097 - Found CUT00.txt (text/plain) in CBT.V508.FILE512.PDS, moved to PDS/CUT00
2025-04-04 10:57:51.344216 - Found PASTE.rexx (text/plain) in CBT.V508.FILE512.PDS, moved to PDS/PASTE
